<?xml version="1.0" encoding="UTF-8"?>
<testng-results skipped="0" failed="0" ignored="0" total="2" passed="2">
  <reporter-output>
  </reporter-output>
  <suite name="MTB Test Suite" duration-ms="34435" started-at="2018-02-19T08:12:46Z" finished-at="2018-02-19T08:13:21Z">
    <groups>
    </groups>
    <test name="sample test" duration-ms="16044" started-at="2018-02-19T08:12:46Z" finished-at="2018-02-19T08:13:03Z">
      <class name="com.accolite.mtb.mtbqa.LoginTest">
        <test-method status="PASS" signature="setDriver(java.lang.String)[pri:0, instance:com.accolite.mtb.mtbqa.LoginTest@91161c7]" name="setDriver" is-config="true" duration-ms="4988" started-at="2018-02-19T13:42:46Z" finished-at="2018-02-19T13:42:51Z">
          <params>
            <param index="0">
              <value>
                <![CDATA[chrome]]>
              </value>
            </param>
          </params>
          <reporter-output>
          </reporter-output>
        </test-method> <!-- setDriver -->
        <test-method status="PASS" signature="init()[pri:0, instance:com.accolite.mtb.mtbqa.LoginTest@91161c7]" name="init" is-config="true" duration-ms="3" started-at="2018-02-19T13:42:51Z" finished-at="2018-02-19T13:42:51Z">
          <reporter-output>
          </reporter-output>
        </test-method> <!-- init -->
        <test-method status="PASS" signature="testLoginPage()[pri:0, instance:com.accolite.mtb.mtbqa.LoginTest@91161c7]" name="testLoginPage" duration-ms="5930" started-at="2018-02-19T13:42:51Z" finished-at="2018-02-19T13:42:57Z">
          <reporter-output>
          </reporter-output>
        </test-method> <!-- testLoginPage -->
        <test-method status="PASS" signature="tearDown()[pri:0, instance:com.accolite.mtb.mtbqa.LoginTest@91161c7]" name="tearDown" is-config="true" duration-ms="5081" started-at="2018-02-19T13:42:57Z" finished-at="2018-02-19T13:43:03Z">
          <reporter-output>
          </reporter-output>
        </test-method> <!-- tearDown -->
      </class> <!-- com.accolite.mtb.mtbqa.LoginTest -->
    </test> <!-- sample test -->
    <test name="sample test2" duration-ms="18307" started-at="2018-02-19T08:13:03Z" finished-at="2018-02-19T08:13:21Z">
      <class name="com.accolite.mtb.mtbqa.LoginTest">
        <test-method status="PASS" signature="setDriver(java.lang.String)[pri:0, instance:com.accolite.mtb.mtbqa.LoginTest@598067a5]" name="setDriver" is-config="true" duration-ms="3083" started-at="2018-02-19T13:43:03Z" finished-at="2018-02-19T13:43:06Z">
          <params>
            <param index="0">
              <value>
                <![CDATA[chrome]]>
              </value>
            </param>
          </params>
          <reporter-output>
          </reporter-output>
        </test-method> <!-- setDriver -->
        <test-method status="PASS" signature="testLoginPage()[pri:0, instance:com.accolite.mtb.mtbqa.LoginTest@598067a5]" name="testLoginPage" duration-ms="10143" started-at="2018-02-19T13:43:06Z" finished-at="2018-02-19T13:43:16Z">
          <reporter-output>
          </reporter-output>
        </test-method> <!-- testLoginPage -->
        <test-method status="PASS" signature="init()[pri:0, instance:com.accolite.mtb.mtbqa.LoginTest@598067a5]" name="init" is-config="true" duration-ms="0" started-at="2018-02-19T13:43:06Z" finished-at="2018-02-19T13:43:06Z">
          <reporter-output>
          </reporter-output>
        </test-method> <!-- init -->
        <test-method status="PASS" signature="tearDown()[pri:0, instance:com.accolite.mtb.mtbqa.LoginTest@598067a5]" name="tearDown" is-config="true" duration-ms="5076" started-at="2018-02-19T13:43:16Z" finished-at="2018-02-19T13:43:21Z">
          <reporter-output>
          </reporter-output>
        </test-method> <!-- tearDown -->
      </class> <!-- com.accolite.mtb.mtbqa.LoginTest -->
    </test> <!-- sample test2 -->
  </suite> <!-- MTB Test Suite -->
</testng-results>
